11:31:36 **** Clean-only build of configuration Debug for project ledStripController ****
"D:\\GnuWin32\\bin\\make.exe" clean 
Cannot run program "D:\GnuWin32\bin\make.exe": Launching failed

Error: Program "D:\GnuWin32\bin\make.exe" not found in PATH
PATH=[C:\Program Files (x86)\GNU Tools ARM Embedded\4.9 2014q4\bin;C:/Program Files/Java/jre1.8.0_91/bin/server;C:/Program Files/Java/jre1.8.0_91/bin;C:/Program Files/Java/jre1.8.0_91/lib/amd64;C:\ProgramData\Oracle\Java\javapath;C:\Program Files (x86)\Intel\iCLS Client\;C:\Program Files\Intel\iCLS Client\;C:\Windows\system32;C:\Windows;C:\Windows\System32\Wbem;C:\Windows\System32\WindowsPowerShell\v1.0\;C:\Program Files (x86)\Intel\Intel(R) Management Engine Components\DAL;C:\Program Files\Intel\Intel(R) Management Engine Components\DAL;C:\Program Files (x86)\Intel\Intel(R) Management Engine Components\IPT;C:\Program Files\Intel\Intel(R) Management Engine Components\IPT;C:\Program Files (x86)\GNU Tools ARM Embedded\5.4 2016q2\bin;C:\Users\ja9g1\Downloads]
11:31:37 **** Build of configuration Debug for project ledStripController ****
"D:\\GnuWin32\\bin\\make.exe" all 
Cannot run program "D:\GnuWin32\bin\make.exe": Launching failed

Error: Program "D:\GnuWin32\bin\make.exe" not found in PATH
PATH=[C:\Program Files (x86)\GNU Tools ARM Embedded\4.9 2014q4\bin;C:/Program Files/Java/jre1.8.0_91/bin/server;C:/Program Files/Java/jre1.8.0_91/bin;C:/Program Files/Java/jre1.8.0_91/lib/amd64;C:\ProgramData\Oracle\Java\javapath;C:\Program Files (x86)\Intel\iCLS Client\;C:\Program Files\Intel\iCLS Client\;C:\Windows\system32;C:\Windows;C:\Windows\System32\Wbem;C:\Windows\System32\WindowsPowerShell\v1.0\;C:\Program Files (x86)\Intel\Intel(R) Management Engine Components\DAL;C:\Program Files\Intel\Intel(R) Management Engine Components\DAL;C:\Program Files (x86)\Intel\Intel(R) Management Engine Components\IPT;C:\Program Files\Intel\Intel(R) Management Engine Components\IPT;C:\Program Files (x86)\GNU Tools ARM Embedded\5.4 2016q2\bin;C:\Users\ja9g1\Downloads]
11:33:03 **** Incremental Build of configuration Debug for project ledStripController ****
"C:\\Program" Files "(x86)\\GNU" ARM "Eclipse\\Build" "Tools\\2.6-201507152002\\bin" all 
Cannot run program "C:\Program": Launching failed

Error: Program "C:\Program" not found in PATH
PATH=[C:\Program Files (x86)\GNU Tools ARM Embedded\5.4 2016q2\bin;C:/Program Files/Java/jre1.8.0_91/bin/server;C:/Program Files/Java/jre1.8.0_91/bin;C:/Program Files/Java/jre1.8.0_91/lib/amd64;C:\ProgramData\Oracle\Java\javapath;C:\Program Files (x86)\Intel\iCLS Client\;C:\Program Files\Intel\iCLS Client\;C:\Windows\system32;C:\Windows;C:\Windows\System32\Wbem;C:\Windows\System32\WindowsPowerShell\v1.0\;C:\Program Files (x86)\Intel\Intel(R) Management Engine Components\DAL;C:\Program Files\Intel\Intel(R) Management Engine Components\DAL;C:\Program Files (x86)\Intel\Intel(R) Management Engine Components\IPT;C:\Program Files\Intel\Intel(R) Management Engine Components\IPT;C:\Users\ja9g1\Downloads]
11:33:26 **** Incremental Build of configuration Debug for project ledStripController ****
"\"C:\\Program" Files "(x86)\\GNU" ARM "Eclipse\\Build" "Tools\\2.6-201507152002\\bin" all 
Cannot run program ""C:\Program": Launching failed

Error: Program ""C:\Program" not found in PATH
PATH=[C:\Program Files (x86)\GNU Tools ARM Embedded\5.4 2016q2\bin;C:/Program Files/Java/jre1.8.0_91/bin/server;C:/Program Files/Java/jre1.8.0_91/bin;C:/Program Files/Java/jre1.8.0_91/lib/amd64;C:\ProgramData\Oracle\Java\javapath;C:\Program Files (x86)\Intel\iCLS Client\;C:\Program Files\Intel\iCLS Client\;C:\Windows\system32;C:\Windows;C:\Windows\System32\Wbem;C:\Windows\System32\WindowsPowerShell\v1.0\;C:\Program Files (x86)\Intel\Intel(R) Management Engine Components\DAL;C:\Program Files\Intel\Intel(R) Management Engine Components\DAL;C:\Program Files (x86)\Intel\Intel(R) Management Engine Components\IPT;C:\Program Files\Intel\Intel(R) Management Engine Components\IPT;C:\Users\ja9g1\Downloads]
11:33:37 **** Incremental Build of configuration Debug for project ledStripController ****
"'C:\\Program" Files "(x86)\\GNU" ARM "Eclipse\\Build" "Tools\\2.6-201507152002\\bin'" all 
Cannot run program "'C:\Program": Launching failed

Error: Program "'C:\Program" not found in PATH
PATH=[C:\Program Files (x86)\GNU Tools ARM Embedded\5.4 2016q2\bin;C:/Program Files/Java/jre1.8.0_91/bin/server;C:/Program Files/Java/jre1.8.0_91/bin;C:/Program Files/Java/jre1.8.0_91/lib/amd64;C:\ProgramData\Oracle\Java\javapath;C:\Program Files (x86)\Intel\iCLS Client\;C:\Program Files\Intel\iCLS Client\;C:\Windows\system32;C:\Windows;C:\Windows\System32\Wbem;C:\Windows\System32\WindowsPowerShell\v1.0\;C:\Program Files (x86)\Intel\Intel(R) Management Engine Components\DAL;C:\Program Files\Intel\Intel(R) Management Engine Components\DAL;C:\Program Files (x86)\Intel\Intel(R) Management Engine Components\IPT;C:\Program Files\Intel\Intel(R) Management Engine Components\IPT;C:\Users\ja9g1\Downloads]
11:38:29 **** Incremental Build of configuration Debug for project ledStripController ****
"C:\\Program" Files "(x86)\\GNU" ARM "Eclipse\\Build" "Tools\\2.6-201507152002\\bin\\make.exe" all 
'Building target: ledStripController.elf'
'Invoking: Cross GCC Linker'
arm-none-eabi-gcc -mthumb -mcpu=cortex-m0plus -lc  -specs=nosys.specs -Wl,-Map=a.map -Wl,--cref -T ../linker.ld -o "ledStripController.elf"  ./src/debug.o ./src/led_driver.o ./src/main.o ./src/stm32l0xx_it.o ./src/system_stm32l0xx.o  ./startup_stm32l052xx.o   
./src/debug.o: In function `debug_init':
C:\Users\John\Documents\Arm Cortex Dev\ledStripController\Debug/../src/debug.c:28: undefined reference to `HAL_GPIO_Init'
C:\Users\John\Documents\Arm Cortex Dev\ledStripController\Debug/../src/debug.c:33: undefined reference to `HAL_GPIO_Init'
C:\Users\John\Documents\Arm Cortex Dev\ledStripController\Debug/../src/debug.c:67: undefined reference to `HAL_USART_Init'
C:\Users\John\Documents\Arm Cortex Dev\ledStripController\Debug/../src/debug.c:68: undefined reference to `HAL_DMA_Init'
C:\Users\John\Documents\Arm Cortex Dev\ledStripController\Debug/../src/debug.c:69: undefined reference to `HAL_DMA_Init'
./src/led_driver.o: In function `led_init':
C:\Users\John\Documents\Arm Cortex Dev\ledStripController\Debug/../src/led_driver.c:64: undefined reference to `HAL_GPIO_Init'
C:\Users\John\Documents\Arm Cortex Dev\ledStripController\Debug/../src/led_driver.c:67: undefined reference to `HAL_GPIO_WritePin'
./src/main.o: In function `clock_init':
C:\Users\John\Documents\Arm Cortex Dev\ledStripController\Debug/../src/main.c:116: undefined reference to `HAL_RCC_OscConfig'
C:\Users\John\Documents\Arm Cortex Dev\ledStripController\Debug/../src/main.c:117: undefined reference to `HAL_RCC_ClockConfig'
C:\Users\John\Documents\Arm Cortex Dev\ledStripController\Debug/../src/main.c:119: undefined reference to `HAL_RCC_GetHCLKFreq'
C:\Users\John\Documents\Arm Cortex Dev\ledStripController\Debug/../src/main.c:119: undefined reference to `HAL_SYSTICK_Config'
C:\Users\John\Documents\Arm Cortex Dev\ledStripController\Debug/../src/main.c:121: undefined reference to `HAL_SYSTICK_CLKSourceConfig'
C:\Users\John\Documents\Arm Cortex Dev\ledStripController\Debug/../src/main.c:123: undefined reference to `HAL_NVIC_SetPriority'
collect2.exe: error: ld returned 1 exit status
makefile:30: recipe for target 'ledStripController.elf' failed
make: *** [ledStripController.elf] Error 1
11:57:49 **** Incremental Build of configuration Debug for project ledStripController ****
"C:\\Program" Files "(x86)\\GNU" ARM "Eclipse\\Build" "Tools\\2.6-201507152002\\bin\\make.exe" all 
'Building file: ../src/debug.c'
'Invoking: Cross GCC Compiler'
arm-none-eabi-gcc -std=c99 -DSTM32L052xx -DUSE_STDPERIPH_DRIVER -I"C:\Users\ja9g1\Documents\Git Projects\PULSE\Firmware\Drivers\CMSIS\Include" -I"C:\Users\ja9g1\Documents\Git Projects\PULSE\Firmware\ledStripController\inc" -I"C:\Users\ja9g1\Documents\Git Projects\PULSE\Firmware\Drivers\CMSIS\Device\ST\STM32L0xx\Include" -I"C:\Users\ja9g1\Documents\Git Projects\PULSE\Firmware\Drivers\STM32L0xx_HAL_Driver\Inc" -O2 -g -Wall -c -fmessage-length=0 -mthumb -mcpu=cortex-m0plus -MMD -MP -MF"src/debug.d" -MT"src/debug.o" -o "src/debug.o" "../src/debug.c"
'Finished building: ../src/debug.c'
' '
'Building file: ../src/led_driver.c'
'Invoking: Cross GCC Compiler'
arm-none-eabi-gcc -std=c99 -DSTM32L052xx -DUSE_STDPERIPH_DRIVER -I"C:\Users\ja9g1\Documents\Git Projects\PULSE\Firmware\Drivers\CMSIS\Include" -I"C:\Users\ja9g1\Documents\Git Projects\PULSE\Firmware\ledStripController\inc" -I"C:\Users\ja9g1\Documents\Git Projects\PULSE\Firmware\Drivers\CMSIS\Device\ST\STM32L0xx\Include" -I"C:\Users\ja9g1\Documents\Git Projects\PULSE\Firmware\Drivers\STM32L0xx_HAL_Driver\Inc" -O2 -g -Wall -c -fmessage-length=0 -mthumb -mcpu=cortex-m0plus -MMD -MP -MF"src/led_driver.d" -MT"src/led_driver.o" -o "src/led_driver.o" "../src/led_driver.c"
'Finished building: ../src/led_driver.c'
' '
'Building file: ../src/main.c'
'Invoking: Cross GCC Compiler'
arm-none-eabi-gcc -std=c99 -DSTM32L052xx -DUSE_STDPERIPH_DRIVER -I"C:\Users\ja9g1\Documents\Git Projects\PULSE\Firmware\Drivers\CMSIS\Include" -I"C:\Users\ja9g1\Documents\Git Projects\PULSE\Firmware\ledStripController\inc" -I"C:\Users\ja9g1\Documents\Git Projects\PULSE\Firmware\Drivers\CMSIS\Device\ST\STM32L0xx\Include" -I"C:\Users\ja9g1\Documents\Git Projects\PULSE\Firmware\Drivers\STM32L0xx_HAL_Driver\Inc" -O2 -g -Wall -c -fmessage-length=0 -mthumb -mcpu=cortex-m0plus -MMD -MP -MF"src/main.d" -MT"src/main.o" -o "src/main.o" "../src/main.c"
'Finished building: ../src/main.c'
' '
'Building file: ../src/stm32l0xx_it.c'
'Invoking: Cross GCC Compiler'
arm-none-eabi-gcc -std=c99 -DSTM32L052xx -DUSE_STDPERIPH_DRIVER -I"C:\Users\ja9g1\Documents\Git Projects\PULSE\Firmware\Drivers\CMSIS\Include" -I"C:\Users\ja9g1\Documents\Git Projects\PULSE\Firmware\ledStripController\inc" -I"C:\Users\ja9g1\Documents\Git Projects\PULSE\Firmware\Drivers\CMSIS\Device\ST\STM32L0xx\Include" -I"C:\Users\ja9g1\Documents\Git Projects\PULSE\Firmware\Drivers\STM32L0xx_HAL_Driver\Inc" -O2 -g -Wall -c -fmessage-length=0 -mthumb -mcpu=cortex-m0plus -MMD -MP -MF"src/stm32l0xx_it.d" -MT"src/stm32l0xx_it.o" -o "src/stm32l0xx_it.o" "../src/stm32l0xx_it.c"
'Finished building: ../src/stm32l0xx_it.c'
' '
'Building file: ../src/system_stm32l0xx.c'
'Invoking: Cross GCC Compiler'
arm-none-eabi-gcc -std=c99 -DSTM32L052xx -DUSE_STDPERIPH_DRIVER -I"C:\Users\ja9g1\Documents\Git Projects\PULSE\Firmware\Drivers\CMSIS\Include" -I"C:\Users\ja9g1\Documents\Git Projects\PULSE\Firmware\ledStripController\inc" -I"C:\Users\ja9g1\Documents\Git Projects\PULSE\Firmware\Drivers\CMSIS\Device\ST\STM32L0xx\Include" -I"C:\Users\ja9g1\Documents\Git Projects\PULSE\Firmware\Drivers\STM32L0xx_HAL_Driver\Inc" -O2 -g -Wall -c -fmessage-length=0 -mthumb -mcpu=cortex-m0plus -MMD -MP -MF"src/system_stm32l0xx.d" -MT"src/system_stm32l0xx.o" -o "src/system_stm32l0xx.o" "../src/system_stm32l0xx.c"
'Finished building: ../src/system_stm32l0xx.c'
' '
'Building target: ledStripController.elf'
'Invoking: Cross GCC Linker'
arm-none-eabi-gcc -mthumb -mcpu=cortex-m0plus -lc  -specs=nosys.specs -Wl,-Map=a.map -Wl,--cref -T ../linker.ld -o "ledStripController.elf"  ./src/debug.o ./src/led_driver.o ./src/main.o ./src/stm32l0xx_it.o ./src/system_stm32l0xx.o  ./startup_stm32l052xx.o   
./src/debug.o: In function `debug_init':
C:\Users\ja9g1\Documents\Git Projects\PULSE\Firmware\ledStripController\Debug/../src/debug.c:28: undefined reference to `HAL_GPIO_Init'
C:\Users\ja9g1\Documents\Git Projects\PULSE\Firmware\ledStripController\Debug/../src/debug.c:33: undefined reference to `HAL_GPIO_Init'
C:\Users\ja9g1\Documents\Git Projects\PULSE\Firmware\ledStripController\Debug/../src/debug.c:67: undefined reference to `HAL_USART_Init'
C:\Users\ja9g1\Documents\Git Projects\PULSE\Firmware\ledStripController\Debug/../src/debug.c:68: undefined reference to `HAL_DMA_Init'
C:\Users\ja9g1\Documents\Git Projects\PULSE\Firmware\ledStripController\Debug/../src/debug.c:69: undefined reference to `HAL_DMA_Init'
./src/led_driver.o: In function `led_init':
C:\Users\ja9g1\Documents\Git Projects\PULSE\Firmware\ledStripController\Debug/../src/led_driver.c:64: undefined reference to `HAL_GPIO_Init'
C:\Users\ja9g1\Documents\Git Projects\PULSE\Firmware\ledStripController\Debug/../src/led_driver.c:67: undefined reference to `HAL_GPIO_WritePin'
./src/main.o: In function `clock_init':
C:\Users\ja9g1\Documents\Git Projects\PULSE\Firmware\ledStripController\Debug/../src/main.c:116: undefined reference to `HAL_RCC_OscConfig'
C:\Users\ja9g1\Documents\Git Projects\PULSE\Firmware\ledStripController\Debug/../src/main.c:117: undefined reference to `HAL_RCC_ClockConfig'
C:\Users\ja9g1\Documents\Git Projects\PULSE\Firmware\ledStripController\Debug/../src/main.c:119: undefined reference to `HAL_RCC_GetHCLKFreq'
makefile:30: recipe for target 'ledStripController.elf' failed
C:\Users\ja9g1\Documents\Git Projects\PULSE\Firmware\ledStripController\Debug/../src/main.c:119: undefined reference to `HAL_SYSTICK_Config'
C:\Users\ja9g1\Documents\Git Projects\PULSE\Firmware\ledStripController\Debug/../src/main.c:121: undefined reference to `HAL_SYSTICK_CLKSourceConfig'
C:\Users\ja9g1\Documents\Git Projects\PULSE\Firmware\ledStripController\Debug/../src/main.c:123: undefined reference to `HAL_NVIC_SetPriority'
collect2.exe: error: ld returned 1 exit status
make: *** [ledStripController.elf] Error 1
11:58:46 **** Incremental Build of configuration Debug for project ledStripController ****
"C:\\Program" Files "(x86)\\GNU" ARM "Eclipse\\Build" "Tools\\2.6-201507152002\\bin\\make.exe" all 
'Building file: C:/Users/ja9g1/Documents/Git Projects/PULSE/Firmware/Drivers/STM32L0xx_HAL_Driver/Src/stm32l0xx_hal.c'
'Invoking: Cross GCC Compiler'
arm-none-eabi-gcc -std=c99 -DSTM32L052xx -DUSE_STDPERIPH_DRIVER -I"C:\Users\ja9g1\Documents\Git Projects\PULSE\Firmware\Drivers\CMSIS\Include" -I"C:\Users\ja9g1\Documents\Git Projects\PULSE\Firmware\ledStripController\inc" -I"C:\Users\ja9g1\Documents\Git Projects\PULSE\Firmware\Drivers\CMSIS\Device\ST\STM32L0xx\Include" -I"C:\Users\ja9g1\Documents\Git Projects\PULSE\Firmware\Drivers\STM32L0xx_HAL_Driver\Inc" -O2 -g -Wall -c -fmessage-length=0 -mthumb -mcpu=cortex-m0plus -MMD -MP -MF"HAL_Library/stm32l0xx_hal.d" -MT"HAL_Library/stm32l0xx_hal.d" -o "HAL_Library/stm32l0xx_hal.o" "C:/Users/ja9g1/Documents/Git Projects/PULSE/Firmware/Drivers/STM32L0xx_HAL_Driver/Src/stm32l0xx_hal.c"
'Finished building: C:/Users/ja9g1/Documents/Git Projects/PULSE/Firmware/Drivers/STM32L0xx_HAL_Driver/Src/stm32l0xx_hal.c'
' '
'Building file: C:/Users/ja9g1/Documents/Git Projects/PULSE/Firmware/Drivers/STM32L0xx_HAL_Driver/Src/stm32l0xx_hal_adc.c'
'Invoking: Cross GCC Compiler'
arm-none-eabi-gcc -std=c99 -DSTM32L052xx -DUSE_STDPERIPH_DRIVER -I"C:\Users\ja9g1\Documents\Git Projects\PULSE\Firmware\Drivers\CMSIS\Include" -I"C:\Users\ja9g1\Documents\Git Projects\PULSE\Firmware\ledStripController\inc" -I"C:\Users\ja9g1\Documents\Git Projects\PULSE\Firmware\Drivers\CMSIS\Device\ST\STM32L0xx\Include" -I"C:\Users\ja9g1\Documents\Git Projects\PULSE\Firmware\Drivers\STM32L0xx_HAL_Driver\Inc" -O2 -g -Wall -c -fmessage-length=0 -mthumb -mcpu=cortex-m0plus -MMD -MP -MF"HAL_Library/stm32l0xx_hal_adc.d" -MT"HAL_Library/stm32l0xx_hal_adc.d" -o "HAL_Library/stm32l0xx_hal_adc.o" "C:/Users/ja9g1/Documents/Git Projects/PULSE/Firmware/Drivers/STM32L0xx_HAL_Driver/Src/stm32l0xx_hal_adc.c"
'Finished building: C:/Users/ja9g1/Documents/Git Projects/PULSE/Firmware/Drivers/STM32L0xx_HAL_Driver/Src/stm32l0xx_hal_adc.c'
' '
'Building file: C:/Users/ja9g1/Documents/Git Projects/PULSE/Firmware/Drivers/STM32L0xx_HAL_Driver/Src/stm32l0xx_hal_adc_ex.c'
'Invoking: Cross GCC Compiler'
arm-none-eabi-gcc -std=c99 -DSTM32L052xx -DUSE_STDPERIPH_DRIVER -I"C:\Users\ja9g1\Documents\Git Projects\PULSE\Firmware\Drivers\CMSIS\Include" -I"C:\Users\ja9g1\Documents\Git Projects\PULSE\Firmware\ledStripController\inc" -I"C:\Users\ja9g1\Documents\Git Projects\PULSE\Firmware\Drivers\CMSIS\Device\ST\STM32L0xx\Include" -I"C:\Users\ja9g1\Documents\Git Projects\PULSE\Firmware\Drivers\STM32L0xx_HAL_Driver\Inc" -O2 -g -Wall -c -fmessage-length=0 -mthumb -mcpu=cortex-m0plus -MMD -MP -MF"HAL_Library/stm32l0xx_hal_adc_ex.d" -MT"HAL_Library/stm32l0xx_hal_adc_ex.d" -o "HAL_Library/stm32l0xx_hal_adc_ex.o" "C:/Users/ja9g1/Documents/Git Projects/PULSE/Firmware/Drivers/STM32L0xx_HAL_Driver/Src/stm32l0xx_hal_adc_ex.c"
'Finished building: C:/Users/ja9g1/Documents/Git Projects/PULSE/Firmware/Drivers/STM32L0xx_HAL_Driver/Src/stm32l0xx_hal_adc_ex.c'
' '
'Building file: C:/Users/ja9g1/Documents/Git Projects/PULSE/Firmware/Drivers/STM32L0xx_HAL_Driver/Src/stm32l0xx_hal_comp.c'
'Invoking: Cross GCC Compiler'
arm-none-eabi-gcc -std=c99 -DSTM32L052xx -DUSE_STDPERIPH_DRIVER -I"C:\Users\ja9g1\Documents\Git Projects\PULSE\Firmware\Drivers\CMSIS\Include" -I"C:\Users\ja9g1\Documents\Git Projects\PULSE\Firmware\ledStripController\inc" -I"C:\Users\ja9g1\Documents\Git Projects\PULSE\Firmware\Drivers\CMSIS\Device\ST\STM32L0xx\Include" -I"C:\Users\ja9g1\Documents\Git Projects\PULSE\Firmware\Drivers\STM32L0xx_HAL_Driver\Inc" -O2 -g -Wall -c -fmessage-length=0 -mthumb -mcpu=cortex-m0plus -MMD -MP -MF"HAL_Library/stm32l0xx_hal_comp.d" -MT"HAL_Library/stm32l0xx_hal_comp.d" -o "HAL_Library/stm32l0xx_hal_comp.o" "C:/Users/ja9g1/Documents/Git Projects/PULSE/Firmware/Drivers/STM32L0xx_HAL_Driver/Src/stm32l0xx_hal_comp.c"
'Finished building: C:/Users/ja9g1/Documents/Git Projects/PULSE/Firmware/Drivers/STM32L0xx_HAL_Driver/Src/stm32l0xx_hal_comp.c'
' '
'Building file: C:/Users/ja9g1/Documents/Git Projects/PULSE/Firmware/Drivers/STM32L0xx_HAL_Driver/Src/stm32l0xx_hal_comp_ex.c'
'Invoking: Cross GCC Compiler'
arm-none-eabi-gcc -std=c99 -DSTM32L052xx -DUSE_STDPERIPH_DRIVER -I"C:\Users\ja9g1\Documents\Git Projects\PULSE\Firmware\Drivers\CMSIS\Include" -I"C:\Users\ja9g1\Documents\Git Projects\PULSE\Firmware\ledStripController\inc" -I"C:\Users\ja9g1\Documents\Git Projects\PULSE\Firmware\Drivers\CMSIS\Device\ST\STM32L0xx\Include" -I"C:\Users\ja9g1\Documents\Git Projects\PULSE\Firmware\Drivers\STM32L0xx_HAL_Driver\Inc" -O2 -g -Wall -c -fmessage-length=0 -mthumb -mcpu=cortex-m0plus -MMD -MP -MF"HAL_Library/stm32l0xx_hal_comp_ex.d" -MT"HAL_Library/stm32l0xx_hal_comp_ex.d" -o "HAL_Library/stm32l0xx_hal_comp_ex.o" "C:/Users/ja9g1/Documents/Git Projects/PULSE/Firmware/Drivers/STM32L0xx_HAL_Driver/Src/stm32l0xx_hal_comp_ex.c"
'Finished building: C:/Users/ja9g1/Documents/Git Projects/PULSE/Firmware/Drivers/STM32L0xx_HAL_Driver/Src/stm32l0xx_hal_comp_ex.c'
' '
'Building file: C:/Users/ja9g1/Documents/Git Projects/PULSE/Firmware/Drivers/STM32L0xx_HAL_Driver/Src/stm32l0xx_hal_cortex.c'
'Invoking: Cross GCC Compiler'
arm-none-eabi-gcc -std=c99 -DSTM32L052xx -DUSE_STDPERIPH_DRIVER -I"C:\Users\ja9g1\Documents\Git Projects\PULSE\Firmware\Drivers\CMSIS\Include" -I"C:\Users\ja9g1\Documents\Git Projects\PULSE\Firmware\ledStripController\inc" -I"C:\Users\ja9g1\Documents\Git Projects\PULSE\Firmware\Drivers\CMSIS\Device\ST\STM32L0xx\Include" -I"C:\Users\ja9g1\Documents\Git Projects\PULSE\Firmware\Drivers\STM32L0xx_HAL_Driver\Inc" -O2 -g -Wall -c -fmessage-length=0 -mthumb -mcpu=cortex-m0plus -MMD -MP -MF"HAL_Library/stm32l0xx_hal_cortex.d" -MT"HAL_Library/stm32l0xx_hal_cortex.d" -o "HAL_Library/stm32l0xx_hal_cortex.o" "C:/Users/ja9g1/Documents/Git Projects/PULSE/Firmware/Drivers/STM32L0xx_HAL_Driver/Src/stm32l0xx_hal_cortex.c"
'Finished building: C:/Users/ja9g1/Documents/Git Projects/PULSE/Firmware/Drivers/STM32L0xx_HAL_Driver/Src/stm32l0xx_hal_cortex.c'
' '
'Building file: C:/Users/ja9g1/Documents/Git Projects/PULSE/Firmware/Drivers/STM32L0xx_HAL_Driver/Src/stm32l0xx_hal_crc.c'
'Invoking: Cross GCC Compiler'
arm-none-eabi-gcc -std=c99 -DSTM32L052xx -DUSE_STDPERIPH_DRIVER -I"C:\Users\ja9g1\Documents\Git Projects\PULSE\Firmware\Drivers\CMSIS\Include" -I"C:\Users\ja9g1\Documents\Git Projects\PULSE\Firmware\ledStripController\inc" -I"C:\Users\ja9g1\Documents\Git Projects\PULSE\Firmware\Drivers\CMSIS\Device\ST\STM32L0xx\Include" -I"C:\Users\ja9g1\Documents\Git Projects\PULSE\Firmware\Drivers\STM32L0xx_HAL_Driver\Inc" -O2 -g -Wall -c -fmessage-length=0 -mthumb -mcpu=cortex-m0plus -MMD -MP -MF"HAL_Library/stm32l0xx_hal_crc.d" -MT"HAL_Library/stm32l0xx_hal_crc.d" -o "HAL_Library/stm32l0xx_hal_crc.o" "C:/Users/ja9g1/Documents/Git Projects/PULSE/Firmware/Drivers/STM32L0xx_HAL_Driver/Src/stm32l0xx_hal_crc.c"
'Finished building: C:/Users/ja9g1/Documents/Git Projects/PULSE/Firmware/Drivers/STM32L0xx_HAL_Driver/Src/stm32l0xx_hal_crc.c'
' '
'Building file: C:/Users/ja9g1/Documents/Git Projects/PULSE/Firmware/Drivers/STM32L0xx_HAL_Driver/Src/stm32l0xx_hal_crc_ex.c'
'Invoking: Cross GCC Compiler'
arm-none-eabi-gcc -std=c99 -DSTM32L052xx -DUSE_STDPERIPH_DRIVER -I"C:\Users\ja9g1\Documents\Git Projects\PULSE\Firmware\Drivers\CMSIS\Include" -I"C:\Users\ja9g1\Documents\Git Projects\PULSE\Firmware\ledStripController\inc" -I"C:\Users\ja9g1\Documents\Git Projects\PULSE\Firmware\Drivers\CMSIS\Device\ST\STM32L0xx\Include" -I"C:\Users\ja9g1\Documents\Git Projects\PULSE\Firmware\Drivers\STM32L0xx_HAL_Driver\Inc" -O2 -g -Wall -c -fmessage-length=0 -mthumb -mcpu=cortex-m0plus -MMD -MP -MF"HAL_Library/stm32l0xx_hal_crc_ex.d" -MT"HAL_Library/stm32l0xx_hal_crc_ex.d" -o "HAL_Library/stm32l0xx_hal_crc_ex.o" "C:/Users/ja9g1/Documents/Git Projects/PULSE/Firmware/Drivers/STM32L0xx_HAL_Driver/Src/stm32l0xx_hal_crc_ex.c"
'Finished building: C:/Users/ja9g1/Documents/Git Projects/PULSE/Firmware/Drivers/STM32L0xx_HAL_Driver/Src/stm32l0xx_hal_crc_ex.c'
' '
'Building file: C:/Users/ja9g1/Documents/Git Projects/PULSE/Firmware/Drivers/STM32L0xx_HAL_Driver/Src/stm32l0xx_hal_cryp.c'
'Invoking: Cross GCC Compiler'
arm-none-eabi-gcc -std=c99 -DSTM32L052xx -DUSE_STDPERIPH_DRIVER -I"C:\Users\ja9g1\Documents\Git Projects\PULSE\Firmware\Drivers\CMSIS\Include" -I"C:\Users\ja9g1\Documents\Git Projects\PULSE\Firmware\ledStripController\inc" -I"C:\Users\ja9g1\Documents\Git Projects\PULSE\Firmware\Drivers\CMSIS\Device\ST\STM32L0xx\Include" -I"C:\Users\ja9g1\Documents\Git Projects\PULSE\Firmware\Drivers\STM32L0xx_HAL_Driver\Inc" -O2 -g -Wall -c -fmessage-length=0 -mthumb -mcpu=cortex-m0plus -MMD -MP -MF"HAL_Library/stm32l0xx_hal_cryp.d" -MT"HAL_Library/stm32l0xx_hal_cryp.d" -o "HAL_Library/stm32l0xx_hal_cryp.o" "C:/Users/ja9g1/Documents/Git Projects/PULSE/Firmware/Drivers/STM32L0xx_HAL_Driver/Src/stm32l0xx_hal_cryp.c"
'Finished building: C:/Users/ja9g1/Documents/Git Projects/PULSE/Firmware/Drivers/STM32L0xx_HAL_Driver/Src/stm32l0xx_hal_cryp.c'
' '
'Building file: C:/Users/ja9g1/Documents/Git Projects/PULSE/Firmware/Drivers/STM32L0xx_HAL_Driver/Src/stm32l0xx_hal_cryp_ex.c'
'Invoking: Cross GCC Compiler'
arm-none-eabi-gcc -std=c99 -DSTM32L052xx -DUSE_STDPERIPH_DRIVER -I"C:\Users\ja9g1\Documents\Git Projects\PULSE\Firmware\Drivers\CMSIS\Include" -I"C:\Users\ja9g1\Documents\Git Projects\PULSE\Firmware\ledStripController\inc" -I"C:\Users\ja9g1\Documents\Git Projects\PULSE\Firmware\Drivers\CMSIS\Device\ST\STM32L0xx\Include" -I"C:\Users\ja9g1\Documents\Git Projects\PULSE\Firmware\Drivers\STM32L0xx_HAL_Driver\Inc" -O2 -g -Wall -c -fmessage-length=0 -mthumb -mcpu=cortex-m0plus -MMD -MP -MF"HAL_Library/stm32l0xx_hal_cryp_ex.d" -MT"HAL_Library/stm32l0xx_hal_cryp_ex.d" -o "HAL_Library/stm32l0xx_hal_cryp_ex.o" "C:/Users/ja9g1/Documents/Git Projects/PULSE/Firmware/Drivers/STM32L0xx_HAL_Driver/Src/stm32l0xx_hal_cryp_ex.c"
'Finished building: C:/Users/ja9g1/Documents/Git Projects/PULSE/Firmware/Drivers/STM32L0xx_HAL_Driver/Src/stm32l0xx_hal_cryp_ex.c'
' '
'Building file: C:/Users/ja9g1/Documents/Git Projects/PULSE/Firmware/Drivers/STM32L0xx_HAL_Driver/Src/stm32l0xx_hal_dac.c'
'Invoking: Cross GCC Compiler'
arm-none-eabi-gcc -std=c99 -DSTM32L052xx -DUSE_STDPERIPH_DRIVER -I"C:\Users\ja9g1\Documents\Git Projects\PULSE\Firmware\Drivers\CMSIS\Include" -I"C:\Users\ja9g1\Documents\Git Projects\PULSE\Firmware\ledStripController\inc" -I"C:\Users\ja9g1\Documents\Git Projects\PULSE\Firmware\Drivers\CMSIS\Device\ST\STM32L0xx\Include" -I"C:\Users\ja9g1\Documents\Git Projects\PULSE\Firmware\Drivers\STM32L0xx_HAL_Driver\Inc" -O2 -g -Wall -c -fmessage-length=0 -mthumb -mcpu=cortex-m0plus -MMD -MP -MF"HAL_Library/stm32l0xx_hal_dac.d" -MT"HAL_Library/stm32l0xx_hal_dac.d" -o "HAL_Library/stm32l0xx_hal_dac.o" "C:/Users/ja9g1/Documents/Git Projects/PULSE/Firmware/Drivers/STM32L0xx_HAL_Driver/Src/stm32l0xx_hal_dac.c"
'Finished building: C:/Users/ja9g1/Documents/Git Projects/PULSE/Firmware/Drivers/STM32L0xx_HAL_Driver/Src/stm32l0xx_hal_dac.c'
' '
'Building file: C:/Users/ja9g1/Documents/Git Projects/PULSE/Firmware/Drivers/STM32L0xx_HAL_Driver/Src/stm32l0xx_hal_dac_ex.c'
'Invoking: Cross GCC Compiler'
arm-none-eabi-gcc -std=c99 -DSTM32L052xx -DUSE_STDPERIPH_DRIVER -I"C:\Users\ja9g1\Documents\Git Projects\PULSE\Firmware\Drivers\CMSIS\Include" -I"C:\Users\ja9g1\Documents\Git Projects\PULSE\Firmware\ledStripController\inc" -I"C:\Users\ja9g1\Documents\Git Projects\PULSE\Firmware\Drivers\CMSIS\Device\ST\STM32L0xx\Include" -I"C:\Users\ja9g1\Documents\Git Projects\PULSE\Firmware\Drivers\STM32L0xx_HAL_Driver\Inc" -O2 -g -Wall -c -fmessage-length=0 -mthumb -mcpu=cortex-m0plus -MMD -MP -MF"HAL_Library/stm32l0xx_hal_dac_ex.d" -MT"HAL_Library/stm32l0xx_hal_dac_ex.d" -o "HAL_Library/stm32l0xx_hal_dac_ex.o" "C:/Users/ja9g1/Documents/Git Projects/PULSE/Firmware/Drivers/STM32L0xx_HAL_Driver/Src/stm32l0xx_hal_dac_ex.c"
'Finished building: C:/Users/ja9g1/Documents/Git Projects/PULSE/Firmware/Drivers/STM32L0xx_HAL_Driver/Src/stm32l0xx_hal_dac_ex.c'
' '
'Building file: C:/Users/ja9g1/Documents/Git Projects/PULSE/Firmware/Drivers/STM32L0xx_HAL_Driver/Src/stm32l0xx_hal_dma.c'
'Invoking: Cross GCC Compiler'
arm-none-eabi-gcc -std=c99 -DSTM32L052xx -DUSE_STDPERIPH_DRIVER -I"C:\Users\ja9g1\Documents\Git Projects\PULSE\Firmware\Drivers\CMSIS\Include" -I"C:\Users\ja9g1\Documents\Git Projects\PULSE\Firmware\ledStripController\inc" -I"C:\Users\ja9g1\Documents\Git Projects\PULSE\Firmware\Drivers\CMSIS\Device\ST\STM32L0xx\Include" -I"C:\Users\ja9g1\Documents\Git Projects\PULSE\Firmware\Drivers\STM32L0xx_HAL_Driver\Inc" -O2 -g -Wall -c -fmessage-length=0 -mthumb -mcpu=cortex-m0plus -MMD -MP -MF"HAL_Library/stm32l0xx_hal_dma.d" -MT"HAL_Library/stm32l0xx_hal_dma.d" -o "HAL_Library/stm32l0xx_hal_dma.o" "C:/Users/ja9g1/Documents/Git Projects/PULSE/Firmware/Drivers/STM32L0xx_HAL_Driver/Src/stm32l0xx_hal_dma.c"
'Finished building: C:/Users/ja9g1/Documents/Git Projects/PULSE/Firmware/Drivers/STM32L0xx_HAL_Driver/Src/stm32l0xx_hal_dma.c'
' '
'Building file: C:/Users/ja9g1/Documents/Git Projects/PULSE/Firmware/Drivers/STM32L0xx_HAL_Driver/Src/stm32l0xx_hal_firewall.c'
'Invoking: Cross GCC Compiler'
arm-none-eabi-gcc -std=c99 -DSTM32L052xx -DUSE_STDPERIPH_DRIVER -I"C:\Users\ja9g1\Documents\Git Projects\PULSE\Firmware\Drivers\CMSIS\Include" -I"C:\Users\ja9g1\Documents\Git Projects\PULSE\Firmware\ledStripController\inc" -I"C:\Users\ja9g1\Documents\Git Projects\PULSE\Firmware\Drivers\CMSIS\Device\ST\STM32L0xx\Include" -I"C:\Users\ja9g1\Documents\Git Projects\PULSE\Firmware\Drivers\STM32L0xx_HAL_Driver\Inc" -O2 -g -Wall -c -fmessage-length=0 -mthumb -mcpu=cortex-m0plus -MMD -MP -MF"HAL_Library/stm32l0xx_hal_firewall.d" -MT"HAL_Library/stm32l0xx_hal_firewall.d" -o "HAL_Library/stm32l0xx_hal_firewall.o" "C:/Users/ja9g1/Documents/Git Projects/PULSE/Firmware/Drivers/STM32L0xx_HAL_Driver/Src/stm32l0xx_hal_firewall.c"
'Finished building: C:/Users/ja9g1/Documents/Git Projects/PULSE/Firmware/Drivers/STM32L0xx_HAL_Driver/Src/stm32l0xx_hal_firewall.c'
' '
'Building file: C:/Users/ja9g1/Documents/Git Projects/PULSE/Firmware/Drivers/STM32L0xx_HAL_Driver/Src/stm32l0xx_hal_flash.c'
'Invoking: Cross GCC Compiler'
arm-none-eabi-gcc -std=c99 -DSTM32L052xx -DUSE_STDPERIPH_DRIVER -I"C:\Users\ja9g1\Documents\Git Projects\PULSE\Firmware\Drivers\CMSIS\Include" -I"C:\Users\ja9g1\Documents\Git Projects\PULSE\Firmware\ledStripController\inc" -I"C:\Users\ja9g1\Documents\Git Projects\PULSE\Firmware\Drivers\CMSIS\Device\ST\STM32L0xx\Include" -I"C:\Users\ja9g1\Documents\Git Projects\PULSE\Firmware\Drivers\STM32L0xx_HAL_Driver\Inc" -O2 -g -Wall -c -fmessage-length=0 -mthumb -mcpu=cortex-m0plus -MMD -MP -MF"HAL_Library/stm32l0xx_hal_flash.d" -MT"HAL_Library/stm32l0xx_hal_flash.d" -o "HAL_Library/stm32l0xx_hal_flash.o" "C:/Users/ja9g1/Documents/Git Projects/PULSE/Firmware/Drivers/STM32L0xx_HAL_Driver/Src/stm32l0xx_hal_flash.c"
'Finished building: C:/Users/ja9g1/Documents/Git Projects/PULSE/Firmware/Drivers/STM32L0xx_HAL_Driver/Src/stm32l0xx_hal_flash.c'
' '
'Building file: C:/Users/ja9g1/Documents/Git Projects/PULSE/Firmware/Drivers/STM32L0xx_HAL_Driver/Src/stm32l0xx_hal_flash_ex.c'
'Invoking: Cross GCC Compiler'
arm-none-eabi-gcc -std=c99 -DSTM32L052xx -DUSE_STDPERIPH_DRIVER -I"C:\Users\ja9g1\Documents\Git Projects\PULSE\Firmware\Drivers\CMSIS\Include" -I"C:\Users\ja9g1\Documents\Git Projects\PULSE\Firmware\ledStripController\inc" -I"C:\Users\ja9g1\Documents\Git Projects\PULSE\Firmware\Drivers\CMSIS\Device\ST\STM32L0xx\Include" -I"C:\Users\ja9g1\Documents\Git Projects\PULSE\Firmware\Drivers\STM32L0xx_HAL_Driver\Inc" -O2 -g -Wall -c -fmessage-length=0 -mthumb -mcpu=cortex-m0plus -MMD -MP -MF"HAL_Library/stm32l0xx_hal_flash_ex.d" -MT"HAL_Library/stm32l0xx_hal_flash_ex.d" -o "HAL_Library/stm32l0xx_hal_flash_ex.o" "C:/Users/ja9g1/Documents/Git Projects/PULSE/Firmware/Drivers/STM32L0xx_HAL_Driver/Src/stm32l0xx_hal_flash_ex.c"
'Finished building: C:/Users/ja9g1/Documents/Git Projects/PULSE/Firmware/Drivers/STM32L0xx_HAL_Driver/Src/stm32l0xx_hal_flash_ex.c'
' '
'Building file: C:/Users/ja9g1/Documents/Git Projects/PULSE/Firmware/Drivers/STM32L0xx_HAL_Driver/Src/stm32l0xx_hal_flash_ramfunc.c'
'Invoking: Cross GCC Compiler'
arm-none-eabi-gcc -std=c99 -DSTM32L052xx -DUSE_STDPERIPH_DRIVER -I"C:\Users\ja9g1\Documents\Git Projects\PULSE\Firmware\Drivers\CMSIS\Include" -I"C:\Users\ja9g1\Documents\Git Projects\PULSE\Firmware\ledStripController\inc" -I"C:\Users\ja9g1\Documents\Git Projects\PULSE\Firmware\Drivers\CMSIS\Device\ST\STM32L0xx\Include" -I"C:\Users\ja9g1\Documents\Git Projects\PULSE\Firmware\Drivers\STM32L0xx_HAL_Driver\Inc" -O2 -g -Wall -c -fmessage-length=0 -mthumb -mcpu=cortex-m0plus -MMD -MP -MF"HAL_Library/stm32l0xx_hal_flash_ramfunc.d" -MT"HAL_Library/stm32l0xx_hal_flash_ramfunc.d" -o "HAL_Library/stm32l0xx_hal_flash_ramfunc.o" "C:/Users/ja9g1/Documents/Git Projects/PULSE/Firmware/Drivers/STM32L0xx_HAL_Driver/Src/stm32l0xx_hal_flash_ramfunc.c"
'Finished building: C:/Users/ja9g1/Documents/Git Projects/PULSE/Firmware/Drivers/STM32L0xx_HAL_Driver/Src/stm32l0xx_hal_flash_ramfunc.c'
' '
'Building file: C:/Users/ja9g1/Documents/Git Projects/PULSE/Firmware/Drivers/STM32L0xx_HAL_Driver/Src/stm32l0xx_hal_gpio.c'
'Invoking: Cross GCC Compiler'
arm-none-eabi-gcc -std=c99 -DSTM32L052xx -DUSE_STDPERIPH_DRIVER -I"C:\Users\ja9g1\Documents\Git Projects\PULSE\Firmware\Drivers\CMSIS\Include" -I"C:\Users\ja9g1\Documents\Git Projects\PULSE\Firmware\ledStripController\inc" -I"C:\Users\ja9g1\Documents\Git Projects\PULSE\Firmware\Drivers\CMSIS\Device\ST\STM32L0xx\Include" -I"C:\Users\ja9g1\Documents\Git Projects\PULSE\Firmware\Drivers\STM32L0xx_HAL_Driver\Inc" -O2 -g -Wall -c -fmessage-length=0 -mthumb -mcpu=cortex-m0plus -MMD -MP -MF"HAL_Library/stm32l0xx_hal_gpio.d" -MT"HAL_Library/stm32l0xx_hal_gpio.d" -o "HAL_Library/stm32l0xx_hal_gpio.o" "C:/Users/ja9g1/Documents/Git Projects/PULSE/Firmware/Drivers/STM32L0xx_HAL_Driver/Src/stm32l0xx_hal_gpio.c"
'Finished building: C:/Users/ja9g1/Documents/Git Projects/PULSE/Firmware/Drivers/STM32L0xx_HAL_Driver/Src/stm32l0xx_hal_gpio.c'
' '
'Building file: C:/Users/ja9g1/Documents/Git Projects/PULSE/Firmware/Drivers/STM32L0xx_HAL_Driver/Src/stm32l0xx_hal_i2c.c'
'Invoking: Cross GCC Compiler'
arm-none-eabi-gcc -std=c99 -DSTM32L052xx -DUSE_STDPERIPH_DRIVER -I"C:\Users\ja9g1\Documents\Git Projects\PULSE\Firmware\Drivers\CMSIS\Include" -I"C:\Users\ja9g1\Documents\Git Projects\PULSE\Firmware\ledStripController\inc" -I"C:\Users\ja9g1\Documents\Git Projects\PULSE\Firmware\Drivers\CMSIS\Device\ST\STM32L0xx\Include" -I"C:\Users\ja9g1\Documents\Git Projects\PULSE\Firmware\Drivers\STM32L0xx_HAL_Driver\Inc" -O2 -g -Wall -c -fmessage-length=0 -mthumb -mcpu=cortex-m0plus -MMD -MP -MF"HAL_Library/stm32l0xx_hal_i2c.d" -MT"HAL_Library/stm32l0xx_hal_i2c.d" -o "HAL_Library/stm32l0xx_hal_i2c.o" "C:/Users/ja9g1/Documents/Git Projects/PULSE/Firmware/Drivers/STM32L0xx_HAL_Driver/Src/stm32l0xx_hal_i2c.c"
'Finished building: C:/Users/ja9g1/Documents/Git Projects/PULSE/Firmware/Drivers/STM32L0xx_HAL_Driver/Src/stm32l0xx_hal_i2c.c'
' '
'Building file: C:/Users/ja9g1/Documents/Git Projects/PULSE/Firmware/Drivers/STM32L0xx_HAL_Driver/Src/stm32l0xx_hal_i2c_ex.c'
'Invoking: Cross GCC Compiler'
arm-none-eabi-gcc -std=c99 -DSTM32L052xx -DUSE_STDPERIPH_DRIVER -I"C:\Users\ja9g1\Documents\Git Projects\PULSE\Firmware\Drivers\CMSIS\Include" -I"C:\Users\ja9g1\Documents\Git Projects\PULSE\Firmware\ledStripController\inc" -I"C:\Users\ja9g1\Documents\Git Projects\PULSE\Firmware\Drivers\CMSIS\Device\ST\STM32L0xx\Include" -I"C:\Users\ja9g1\Documents\Git Projects\PULSE\Firmware\Drivers\STM32L0xx_HAL_Driver\Inc" -O2 -g -Wall -c -fmessage-length=0 -mthumb -mcpu=cortex-m0plus -MMD -MP -MF"HAL_Library/stm32l0xx_hal_i2c_ex.d" -MT"HAL_Library/stm32l0xx_hal_i2c_ex.d" -o "HAL_Library/stm32l0xx_hal_i2c_ex.o" "C:/Users/ja9g1/Documents/Git Projects/PULSE/Firmware/Drivers/STM32L0xx_HAL_Driver/Src/stm32l0xx_hal_i2c_ex.c"
'Finished building: C:/Users/ja9g1/Documents/Git Projects/PULSE/Firmware/Drivers/STM32L0xx_HAL_Driver/Src/stm32l0xx_hal_i2c_ex.c'
' '
'Building file: C:/Users/ja9g1/Documents/Git Projects/PULSE/Firmware/Drivers/STM32L0xx_HAL_Driver/Src/stm32l0xx_hal_i2s.c'
'Invoking: Cross GCC Compiler'
arm-none-eabi-gcc -std=c99 -DSTM32L052xx -DUSE_STDPERIPH_DRIVER -I"C:\Users\ja9g1\Documents\Git Projects\PULSE\Firmware\Drivers\CMSIS\Include" -I"C:\Users\ja9g1\Documents\Git Projects\PULSE\Firmware\ledStripController\inc" -I"C:\Users\ja9g1\Documents\Git Projects\PULSE\Firmware\Drivers\CMSIS\Device\ST\STM32L0xx\Include" -I"C:\Users\ja9g1\Documents\Git Projects\PULSE\Firmware\Drivers\STM32L0xx_HAL_Driver\Inc" -O2 -g -Wall -c -fmessage-length=0 -mthumb -mcpu=cortex-m0plus -MMD -MP -MF"HAL_Library/stm32l0xx_hal_i2s.d" -MT"HAL_Library/stm32l0xx_hal_i2s.d" -o "HAL_Library/stm32l0xx_hal_i2s.o" "C:/Users/ja9g1/Documents/Git Projects/PULSE/Firmware/Drivers/STM32L0xx_HAL_Driver/Src/stm32l0xx_hal_i2s.c"
'Finished building: C:/Users/ja9g1/Documents/Git Projects/PULSE/Firmware/Drivers/STM32L0xx_HAL_Driver/Src/stm32l0xx_hal_i2s.c'
' '
'Building file: C:/Users/ja9g1/Documents/Git Projects/PULSE/Firmware/Drivers/STM32L0xx_HAL_Driver/Src/stm32l0xx_hal_irda.c'
'Invoking: Cross GCC Compiler'
arm-none-eabi-gcc -std=c99 -DSTM32L052xx -DUSE_STDPERIPH_DRIVER -I"C:\Users\ja9g1\Documents\Git Projects\PULSE\Firmware\Drivers\CMSIS\Include" -I"C:\Users\ja9g1\Documents\Git Projects\PULSE\Firmware\ledStripController\inc" -I"C:\Users\ja9g1\Documents\Git Projects\PULSE\Firmware\Drivers\CMSIS\Device\ST\STM32L0xx\Include" -I"C:\Users\ja9g1\Documents\Git Projects\PULSE\Firmware\Drivers\STM32L0xx_HAL_Driver\Inc" -O2 -g -Wall -c -fmessage-length=0 -mthumb -mcpu=cortex-m0plus -MMD -MP -MF"HAL_Library/stm32l0xx_hal_irda.d" -MT"HAL_Library/stm32l0xx_hal_irda.d" -o "HAL_Library/stm32l0xx_hal_irda.o" "C:/Users/ja9g1/Documents/Git Projects/PULSE/Firmware/Drivers/STM32L0xx_HAL_Driver/Src/stm32l0xx_hal_irda.c"
'Finished building: C:/Users/ja9g1/Documents/Git Projects/PULSE/Firmware/Drivers/STM32L0xx_HAL_Driver/Src/stm32l0xx_hal_irda.c'
' '
'Building file: C:/Users/ja9g1/Documents/Git Projects/PULSE/Firmware/Drivers/STM32L0xx_HAL_Driver/Src/stm32l0xx_hal_iwdg.c'
'Invoking: Cross GCC Compiler'
arm-none-eabi-gcc -std=c99 -DSTM32L052xx -DUSE_STDPERIPH_DRIVER -I"C:\Users\ja9g1\Documents\Git Projects\PULSE\Firmware\Drivers\CMSIS\Include" -I"C:\Users\ja9g1\Documents\Git Projects\PULSE\Firmware\ledStripController\inc" -I"C:\Users\ja9g1\Documents\Git Projects\PULSE\Firmware\Drivers\CMSIS\Device\ST\STM32L0xx\Include" -I"C:\Users\ja9g1\Documents\Git Projects\PULSE\Firmware\Drivers\STM32L0xx_HAL_Driver\Inc" -O2 -g -Wall -c -fmessage-length=0 -mthumb -mcpu=cortex-m0plus -MMD -MP -MF"HAL_Library/stm32l0xx_hal_iwdg.d" -MT"HAL_Library/stm32l0xx_hal_iwdg.d" -o "HAL_Library/stm32l0xx_hal_iwdg.o" "C:/Users/ja9g1/Documents/Git Projects/PULSE/Firmware/Drivers/STM32L0xx_HAL_Driver/Src/stm32l0xx_hal_iwdg.c"
'Finished building: C:/Users/ja9g1/Documents/Git Projects/PULSE/Firmware/Drivers/STM32L0xx_HAL_Driver/Src/stm32l0xx_hal_iwdg.c'
' '
'Building file: C:/Users/ja9g1/Documents/Git Projects/PULSE/Firmware/Drivers/STM32L0xx_HAL_Driver/Src/stm32l0xx_hal_lcd.c'
'Invoking: Cross GCC Compiler'
arm-none-eabi-gcc -std=c99 -DSTM32L052xx -DUSE_STDPERIPH_DRIVER -I"C:\Users\ja9g1\Documents\Git Projects\PULSE\Firmware\Drivers\CMSIS\Include" -I"C:\Users\ja9g1\Documents\Git Projects\PULSE\Firmware\ledStripController\inc" -I"C:\Users\ja9g1\Documents\Git Projects\PULSE\Firmware\Drivers\CMSIS\Device\ST\STM32L0xx\Include" -I"C:\Users\ja9g1\Documents\Git Projects\PULSE\Firmware\Drivers\STM32L0xx_HAL_Driver\Inc" -O2 -g -Wall -c -fmessage-length=0 -mthumb -mcpu=cortex-m0plus -MMD -MP -MF"HAL_Library/stm32l0xx_hal_lcd.d" -MT"HAL_Library/stm32l0xx_hal_lcd.d" -o "HAL_Library/stm32l0xx_hal_lcd.o" "C:/Users/ja9g1/Documents/Git Projects/PULSE/Firmware/Drivers/STM32L0xx_HAL_Driver/Src/stm32l0xx_hal_lcd.c"
'Finished building: C:/Users/ja9g1/Documents/Git Projects/PULSE/Firmware/Drivers/STM32L0xx_HAL_Driver/Src/stm32l0xx_hal_lcd.c'
' '
'Building file: C:/Users/ja9g1/Documents/Git Projects/PULSE/Firmware/Drivers/STM32L0xx_HAL_Driver/Src/stm32l0xx_hal_lptim.c'
'Invoking: Cross GCC Compiler'
arm-none-eabi-gcc -std=c99 -DSTM32L052xx -DUSE_STDPERIPH_DRIVER -I"C:\Users\ja9g1\Documents\Git Projects\PULSE\Firmware\Drivers\CMSIS\Include" -I"C:\Users\ja9g1\Documents\Git Projects\PULSE\Firmware\ledStripController\inc" -I"C:\Users\ja9g1\Documents\Git Projects\PULSE\Firmware\Drivers\CMSIS\Device\ST\STM32L0xx\Include" -I"C:\Users\ja9g1\Documents\Git Projects\PULSE\Firmware\Drivers\STM32L0xx_HAL_Driver\Inc" -O2 -g -Wall -c -fmessage-length=0 -mthumb -mcpu=cortex-m0plus -MMD -MP -MF"HAL_Library/stm32l0xx_hal_lptim.d" -MT"HAL_Library/stm32l0xx_hal_lptim.d" -o "HAL_Library/stm32l0xx_hal_lptim.o" "C:/Users/ja9g1/Documents/Git Projects/PULSE/Firmware/Drivers/STM32L0xx_HAL_Driver/Src/stm32l0xx_hal_lptim.c"
'Finished building: C:/Users/ja9g1/Documents/Git Projects/PULSE/Firmware/Drivers/STM32L0xx_HAL_Driver/Src/stm32l0xx_hal_lptim.c'
' '
'Building file: C:/Users/ja9g1/Documents/Git Projects/PULSE/Firmware/Drivers/STM32L0xx_HAL_Driver/Src/stm32l0xx_hal_pcd.c'
'Invoking: Cross GCC Compiler'
arm-none-eabi-gcc -std=c99 -DSTM32L052xx -DUSE_STDPERIPH_DRIVER -I"C:\Users\ja9g1\Documents\Git Projects\PULSE\Firmware\Drivers\CMSIS\Include" -I"C:\Users\ja9g1\Documents\Git Projects\PULSE\Firmware\ledStripController\inc" -I"C:\Users\ja9g1\Documents\Git Projects\PULSE\Firmware\Drivers\CMSIS\Device\ST\STM32L0xx\Include" -I"C:\Users\ja9g1\Documents\Git Projects\PULSE\Firmware\Drivers\STM32L0xx_HAL_Driver\Inc" -O2 -g -Wall -c -fmessage-length=0 -mthumb -mcpu=cortex-m0plus -MMD -MP -MF"HAL_Library/stm32l0xx_hal_pcd.d" -MT"HAL_Library/stm32l0xx_hal_pcd.d" -o "HAL_Library/stm32l0xx_hal_pcd.o" "C:/Users/ja9g1/Documents/Git Projects/PULSE/Firmware/Drivers/STM32L0xx_HAL_Driver/Src/stm32l0xx_hal_pcd.c"
'Finished building: C:/Users/ja9g1/Documents/Git Projects/PULSE/Firmware/Drivers/STM32L0xx_HAL_Driver/Src/stm32l0xx_hal_pcd.c'
' '
'Building file: C:/Users/ja9g1/Documents/Git Projects/PULSE/Firmware/Drivers/STM32L0xx_HAL_Driver/Src/stm32l0xx_hal_pcd_ex.c'
'Invoking: Cross GCC Compiler'
arm-none-eabi-gcc -std=c99 -DSTM32L052xx -DUSE_STDPERIPH_DRIVER -I"C:\Users\ja9g1\Documents\Git Projects\PULSE\Firmware\Drivers\CMSIS\Include" -I"C:\Users\ja9g1\Documents\Git Projects\PULSE\Firmware\ledStripController\inc" -I"C:\Users\ja9g1\Documents\Git Projects\PULSE\Firmware\Drivers\CMSIS\Device\ST\STM32L0xx\Include" -I"C:\Users\ja9g1\Documents\Git Projects\PULSE\Firmware\Drivers\STM32L0xx_HAL_Driver\Inc" -O2 -g -Wall -c -fmessage-length=0 -mthumb -mcpu=cortex-m0plus -MMD -MP -MF"HAL_Library/stm32l0xx_hal_pcd_ex.d" -MT"HAL_Library/stm32l0xx_hal_pcd_ex.d" -o "HAL_Library/stm32l0xx_hal_pcd_ex.o" "C:/Users/ja9g1/Documents/Git Projects/PULSE/Firmware/Drivers/STM32L0xx_HAL_Driver/Src/stm32l0xx_hal_pcd_ex.c"
'Finished building: C:/Users/ja9g1/Documents/Git Projects/PULSE/Firmware/Drivers/STM32L0xx_HAL_Driver/Src/stm32l0xx_hal_pcd_ex.c'
' '
'Building file: C:/Users/ja9g1/Documents/Git Projects/PULSE/Firmware/Drivers/STM32L0xx_HAL_Driver/Src/stm32l0xx_hal_pwr.c'
'Invoking: Cross GCC Compiler'
arm-none-eabi-gcc -std=c99 -DSTM32L052xx -DUSE_STDPERIPH_DRIVER -I"C:\Users\ja9g1\Documents\Git Projects\PULSE\Firmware\Drivers\CMSIS\Include" -I"C:\Users\ja9g1\Documents\Git Projects\PULSE\Firmware\ledStripController\inc" -I"C:\Users\ja9g1\Documents\Git Projects\PULSE\Firmware\Drivers\CMSIS\Device\ST\STM32L0xx\Include" -I"C:\Users\ja9g1\Documents\Git Projects\PULSE\Firmware\Drivers\STM32L0xx_HAL_Driver\Inc" -O2 -g -Wall -c -fmessage-length=0 -mthumb -mcpu=cortex-m0plus -MMD -MP -MF"HAL_Library/stm32l0xx_hal_pwr.d" -MT"HAL_Library/stm32l0xx_hal_pwr.d" -o "HAL_Library/stm32l0xx_hal_pwr.o" "C:/Users/ja9g1/Documents/Git Projects/PULSE/Firmware/Drivers/STM32L0xx_HAL_Driver/Src/stm32l0xx_hal_pwr.c"
'Finished building: C:/Users/ja9g1/Documents/Git Projects/PULSE/Firmware/Drivers/STM32L0xx_HAL_Driver/Src/stm32l0xx_hal_pwr.c'
' '
'Building file: C:/Users/ja9g1/Documents/Git Projects/PULSE/Firmware/Drivers/STM32L0xx_HAL_Driver/Src/stm32l0xx_hal_pwr_ex.c'
'Invoking: Cross GCC Compiler'
arm-none-eabi-gcc -std=c99 -DSTM32L052xx -DUSE_STDPERIPH_DRIVER -I"C:\Users\ja9g1\Documents\Git Projects\PULSE\Firmware\Drivers\CMSIS\Include" -I"C:\Users\ja9g1\Documents\Git Projects\PULSE\Firmware\ledStripController\inc" -I"C:\Users\ja9g1\Documents\Git Projects\PULSE\Firmware\Drivers\CMSIS\Device\ST\STM32L0xx\Include" -I"C:\Users\ja9g1\Documents\Git Projects\PULSE\Firmware\Drivers\STM32L0xx_HAL_Driver\Inc" -O2 -g -Wall -c -fmessage-length=0 -mthumb -mcpu=cortex-m0plus -MMD -MP -MF"HAL_Library/stm32l0xx_hal_pwr_ex.d" -MT"HAL_Library/stm32l0xx_hal_pwr_ex.d" -o "HAL_Library/stm32l0xx_hal_pwr_ex.o" "C:/Users/ja9g1/Documents/Git Projects/PULSE/Firmware/Drivers/STM32L0xx_HAL_Driver/Src/stm32l0xx_hal_pwr_ex.c"
'Finished building: C:/Users/ja9g1/Documents/Git Projects/PULSE/Firmware/Drivers/STM32L0xx_HAL_Driver/Src/stm32l0xx_hal_pwr_ex.c'
' '
'Building file: C:/Users/ja9g1/Documents/Git Projects/PULSE/Firmware/Drivers/STM32L0xx_HAL_Driver/Src/stm32l0xx_hal_rcc.c'
'Invoking: Cross GCC Compiler'
arm-none-eabi-gcc -std=c99 -DSTM32L052xx -DUSE_STDPERIPH_DRIVER -I"C:\Users\ja9g1\Documents\Git Projects\PULSE\Firmware\Drivers\CMSIS\Include" -I"C:\Users\ja9g1\Documents\Git Projects\PULSE\Firmware\ledStripController\inc" -I"C:\Users\ja9g1\Documents\Git Projects\PULSE\Firmware\Drivers\CMSIS\Device\ST\STM32L0xx\Include" -I"C:\Users\ja9g1\Documents\Git Projects\PULSE\Firmware\Drivers\STM32L0xx_HAL_Driver\Inc" -O2 -g -Wall -c -fmessage-length=0 -mthumb -mcpu=cortex-m0plus -MMD -MP -MF"HAL_Library/stm32l0xx_hal_rcc.d" -MT"HAL_Library/stm32l0xx_hal_rcc.d" -o "HAL_Library/stm32l0xx_hal_rcc.o" "C:/Users/ja9g1/Documents/Git Projects/PULSE/Firmware/Drivers/STM32L0xx_HAL_Driver/Src/stm32l0xx_hal_rcc.c"
'Finished building: C:/Users/ja9g1/Documents/Git Projects/PULSE/Firmware/Drivers/STM32L0xx_HAL_Driver/Src/stm32l0xx_hal_rcc.c'
' '
'Building file: C:/Users/ja9g1/Documents/Git Projects/PULSE/Firmware/Drivers/STM32L0xx_HAL_Driver/Src/stm32l0xx_hal_rcc_ex.c'
'Invoking: Cross GCC Compiler'
arm-none-eabi-gcc -std=c99 -DSTM32L052xx -DUSE_STDPERIPH_DRIVER -I"C:\Users\ja9g1\Documents\Git Projects\PULSE\Firmware\Drivers\CMSIS\Include" -I"C:\Users\ja9g1\Documents\Git Projects\PULSE\Firmware\ledStripController\inc" -I"C:\Users\ja9g1\Documents\Git Projects\PULSE\Firmware\Drivers\CMSIS\Device\ST\STM32L0xx\Include" -I"C:\Users\ja9g1\Documents\Git Projects\PULSE\Firmware\Drivers\STM32L0xx_HAL_Driver\Inc" -O2 -g -Wall -c -fmessage-length=0 -mthumb -mcpu=cortex-m0plus -MMD -MP -MF"HAL_Library/stm32l0xx_hal_rcc_ex.d" -MT"HAL_Library/stm32l0xx_hal_rcc_ex.d" -o "HAL_Library/stm32l0xx_hal_rcc_ex.o" "C:/Users/ja9g1/Documents/Git Projects/PULSE/Firmware/Drivers/STM32L0xx_HAL_Driver/Src/stm32l0xx_hal_rcc_ex.c"
'Finished building: C:/Users/ja9g1/Documents/Git Projects/PULSE/Firmware/Drivers/STM32L0xx_HAL_Driver/Src/stm32l0xx_hal_rcc_ex.c'
' '
'Building file: C:/Users/ja9g1/Documents/Git Projects/PULSE/Firmware/Drivers/STM32L0xx_HAL_Driver/Src/stm32l0xx_hal_rng.c'
'Invoking: Cross GCC Compiler'
arm-none-eabi-gcc -std=c99 -DSTM32L052xx -DUSE_STDPERIPH_DRIVER -I"C:\Users\ja9g1\Documents\Git Projects\PULSE\Firmware\Drivers\CMSIS\Include" -I"C:\Users\ja9g1\Documents\Git Projects\PULSE\Firmware\ledStripController\inc" -I"C:\Users\ja9g1\Documents\Git Projects\PULSE\Firmware\Drivers\CMSIS\Device\ST\STM32L0xx\Include" -I"C:\Users\ja9g1\Documents\Git Projects\PULSE\Firmware\Drivers\STM32L0xx_HAL_Driver\Inc" -O2 -g -Wall -c -fmessage-length=0 -mthumb -mcpu=cortex-m0plus -MMD -MP -MF"HAL_Library/stm32l0xx_hal_rng.d" -MT"HAL_Library/stm32l0xx_hal_rng.d" -o "HAL_Library/stm32l0xx_hal_rng.o" "C:/Users/ja9g1/Documents/Git Projects/PULSE/Firmware/Drivers/STM32L0xx_HAL_Driver/Src/stm32l0xx_hal_rng.c"
'Finished building: C:/Users/ja9g1/Documents/Git Projects/PULSE/Firmware/Drivers/STM32L0xx_HAL_Driver/Src/stm32l0xx_hal_rng.c'
' '
'Building file: C:/Users/ja9g1/Documents/Git Projects/PULSE/Firmware/Drivers/STM32L0xx_HAL_Driver/Src/stm32l0xx_hal_rtc.c'
'Invoking: Cross GCC Compiler'
arm-none-eabi-gcc -std=c99 -DSTM32L052xx -DUSE_STDPERIPH_DRIVER -I"C:\Users\ja9g1\Documents\Git Projects\PULSE\Firmware\Drivers\CMSIS\Include" -I"C:\Users\ja9g1\Documents\Git Projects\PULSE\Firmware\ledStripController\inc" -I"C:\Users\ja9g1\Documents\Git Projects\PULSE\Firmware\Drivers\CMSIS\Device\ST\STM32L0xx\Include" -I"C:\Users\ja9g1\Documents\Git Projects\PULSE\Firmware\Drivers\STM32L0xx_HAL_Driver\Inc" -O2 -g -Wall -c -fmessage-length=0 -mthumb -mcpu=cortex-m0plus -MMD -MP -MF"HAL_Library/stm32l0xx_hal_rtc.d" -MT"HAL_Library/stm32l0xx_hal_rtc.d" -o "HAL_Library/stm32l0xx_hal_rtc.o" "C:/Users/ja9g1/Documents/Git Projects/PULSE/Firmware/Drivers/STM32L0xx_HAL_Driver/Src/stm32l0xx_hal_rtc.c"
'Finished building: C:/Users/ja9g1/Documents/Git Projects/PULSE/Firmware/Drivers/STM32L0xx_HAL_Driver/Src/stm32l0xx_hal_rtc.c'
' '
'Building file: C:/Users/ja9g1/Documents/Git Projects/PULSE/Firmware/Drivers/STM32L0xx_HAL_Driver/Src/stm32l0xx_hal_rtc_ex.c'
'Invoking: Cross GCC Compiler'
arm-none-eabi-gcc -std=c99 -DSTM32L052xx -DUSE_STDPERIPH_DRIVER -I"C:\Users\ja9g1\Documents\Git Projects\PULSE\Firmware\Drivers\CMSIS\Include" -I"C:\Users\ja9g1\Documents\Git Projects\PULSE\Firmware\ledStripController\inc" -I"C:\Users\ja9g1\Documents\Git Projects\PULSE\Firmware\Drivers\CMSIS\Device\ST\STM32L0xx\Include" -I"C:\Users\ja9g1\Documents\Git Projects\PULSE\Firmware\Drivers\STM32L0xx_HAL_Driver\Inc" -O2 -g -Wall -c -fmessage-length=0 -mthumb -mcpu=cortex-m0plus -MMD -MP -MF"HAL_Library/stm32l0xx_hal_rtc_ex.d" -MT"HAL_Library/stm32l0xx_hal_rtc_ex.d" -o "HAL_Library/stm32l0xx_hal_rtc_ex.o" "C:/Users/ja9g1/Documents/Git Projects/PULSE/Firmware/Drivers/STM32L0xx_HAL_Driver/Src/stm32l0xx_hal_rtc_ex.c"
'Finished building: C:/Users/ja9g1/Documents/Git Projects/PULSE/Firmware/Drivers/STM32L0xx_HAL_Driver/Src/stm32l0xx_hal_rtc_ex.c'
' '
'Building file: C:/Users/ja9g1/Documents/Git Projects/PULSE/Firmware/Drivers/STM32L0xx_HAL_Driver/Src/stm32l0xx_hal_smartcard.c'
'Invoking: Cross GCC Compiler'
arm-none-eabi-gcc -std=c99 -DSTM32L052xx -DUSE_STDPERIPH_DRIVER -I"C:\Users\ja9g1\Documents\Git Projects\PULSE\Firmware\Drivers\CMSIS\Include" -I"C:\Users\ja9g1\Documents\Git Projects\PULSE\Firmware\ledStripController\inc" -I"C:\Users\ja9g1\Documents\Git Projects\PULSE\Firmware\Drivers\CMSIS\Device\ST\STM32L0xx\Include" -I"C:\Users\ja9g1\Documents\Git Projects\PULSE\Firmware\Drivers\STM32L0xx_HAL_Driver\Inc" -O2 -g -Wall -c -fmessage-length=0 -mthumb -mcpu=cortex-m0plus -MMD -MP -MF"HAL_Library/stm32l0xx_hal_smartcard.d" -MT"HAL_Library/stm32l0xx_hal_smartcard.d" -o "HAL_Library/stm32l0xx_hal_smartcard.o" "C:/Users/ja9g1/Documents/Git Projects/PULSE/Firmware/Drivers/STM32L0xx_HAL_Driver/Src/stm32l0xx_hal_smartcard.c"
'Finished building: C:/Users/ja9g1/Documents/Git Projects/PULSE/Firmware/Drivers/STM32L0xx_HAL_Driver/Src/stm32l0xx_hal_smartcard.c'
' '
'Building file: C:/Users/ja9g1/Documents/Git Projects/PULSE/Firmware/Drivers/STM32L0xx_HAL_Driver/Src/stm32l0xx_hal_smartcard_ex.c'
'Invoking: Cross GCC Compiler'
arm-none-eabi-gcc -std=c99 -DSTM32L052xx -DUSE_STDPERIPH_DRIVER -I"C:\Users\ja9g1\Documents\Git Projects\PULSE\Firmware\Drivers\CMSIS\Include" -I"C:\Users\ja9g1\Documents\Git Projects\PULSE\Firmware\ledStripController\inc" -I"C:\Users\ja9g1\Documents\Git Projects\PULSE\Firmware\Drivers\CMSIS\Device\ST\STM32L0xx\Include" -I"C:\Users\ja9g1\Documents\Git Projects\PULSE\Firmware\Drivers\STM32L0xx_HAL_Driver\Inc" -O2 -g -Wall -c -fmessage-length=0 -mthumb -mcpu=cortex-m0plus -MMD -MP -MF"HAL_Library/stm32l0xx_hal_smartcard_ex.d" -MT"HAL_Library/stm32l0xx_hal_smartcard_ex.d" -o "HAL_Library/stm32l0xx_hal_smartcard_ex.o" "C:/Users/ja9g1/Documents/Git Projects/PULSE/Firmware/Drivers/STM32L0xx_HAL_Driver/Src/stm32l0xx_hal_smartcard_ex.c"
'Finished building: C:/Users/ja9g1/Documents/Git Projects/PULSE/Firmware/Drivers/STM32L0xx_HAL_Driver/Src/stm32l0xx_hal_smartcard_ex.c'
' '
'Building file: C:/Users/ja9g1/Documents/Git Projects/PULSE/Firmware/Drivers/STM32L0xx_HAL_Driver/Src/stm32l0xx_hal_smbus.c'
'Invoking: Cross GCC Compiler'
arm-none-eabi-gcc -std=c99 -DSTM32L052xx -DUSE_STDPERIPH_DRIVER -I"C:\Users\ja9g1\Documents\Git Projects\PULSE\Firmware\Drivers\CMSIS\Include" -I"C:\Users\ja9g1\Documents\Git Projects\PULSE\Firmware\ledStripController\inc" -I"C:\Users\ja9g1\Documents\Git Projects\PULSE\Firmware\Drivers\CMSIS\Device\ST\STM32L0xx\Include" -I"C:\Users\ja9g1\Documents\Git Projects\PULSE\Firmware\Drivers\STM32L0xx_HAL_Driver\Inc" -O2 -g -Wall -c -fmessage-length=0 -mthumb -mcpu=cortex-m0plus -MMD -MP -MF"HAL_Library/stm32l0xx_hal_smbus.d" -MT"HAL_Library/stm32l0xx_hal_smbus.d" -o "HAL_Library/stm32l0xx_hal_smbus.o" "C:/Users/ja9g1/Documents/Git Projects/PULSE/Firmware/Drivers/STM32L0xx_HAL_Driver/Src/stm32l0xx_hal_smbus.c"
'Finished building: C:/Users/ja9g1/Documents/Git Projects/PULSE/Firmware/Drivers/STM32L0xx_HAL_Driver/Src/stm32l0xx_hal_smbus.c'
' '
'Building file: C:/Users/ja9g1/Documents/Git Projects/PULSE/Firmware/Drivers/STM32L0xx_HAL_Driver/Src/stm32l0xx_hal_spi.c'
'Invoking: Cross GCC Compiler'
arm-none-eabi-gcc -std=c99 -DSTM32L052xx -DUSE_STDPERIPH_DRIVER -I"C:\Users\ja9g1\Documents\Git Projects\PULSE\Firmware\Drivers\CMSIS\Include" -I"C:\Users\ja9g1\Documents\Git Projects\PULSE\Firmware\ledStripController\inc" -I"C:\Users\ja9g1\Documents\Git Projects\PULSE\Firmware\Drivers\CMSIS\Device\ST\STM32L0xx\Include" -I"C:\Users\ja9g1\Documents\Git Projects\PULSE\Firmware\Drivers\STM32L0xx_HAL_Driver\Inc" -O2 -g -Wall -c -fmessage-length=0 -mthumb -mcpu=cortex-m0plus -MMD -MP -MF"HAL_Library/stm32l0xx_hal_spi.d" -MT"HAL_Library/stm32l0xx_hal_spi.d" -o "HAL_Library/stm32l0xx_hal_spi.o" "C:/Users/ja9g1/Documents/Git Projects/PULSE/Firmware/Drivers/STM32L0xx_HAL_Driver/Src/stm32l0xx_hal_spi.c"
'Finished building: C:/Users/ja9g1/Documents/Git Projects/PULSE/Firmware/Drivers/STM32L0xx_HAL_Driver/Src/stm32l0xx_hal_spi.c'
' '
'Building file: C:/Users/ja9g1/Documents/Git Projects/PULSE/Firmware/Drivers/STM32L0xx_HAL_Driver/Src/stm32l0xx_hal_tim.c'
'Invoking: Cross GCC Compiler'
arm-none-eabi-gcc -std=c99 -DSTM32L052xx -DUSE_STDPERIPH_DRIVER -I"C:\Users\ja9g1\Documents\Git Projects\PULSE\Firmware\Drivers\CMSIS\Include" -I"C:\Users\ja9g1\Documents\Git Projects\PULSE\Firmware\ledStripController\inc" -I"C:\Users\ja9g1\Documents\Git Projects\PULSE\Firmware\Drivers\CMSIS\Device\ST\STM32L0xx\Include" -I"C:\Users\ja9g1\Documents\Git Projects\PULSE\Firmware\Drivers\STM32L0xx_HAL_Driver\Inc" -O2 -g -Wall -c -fmessage-length=0 -mthumb -mcpu=cortex-m0plus -MMD -MP -MF"HAL_Library/stm32l0xx_hal_tim.d" -MT"HAL_Library/stm32l0xx_hal_tim.d" -o "HAL_Library/stm32l0xx_hal_tim.o" "C:/Users/ja9g1/Documents/Git Projects/PULSE/Firmware/Drivers/STM32L0xx_HAL_Driver/Src/stm32l0xx_hal_tim.c"
'Finished building: C:/Users/ja9g1/Documents/Git Projects/PULSE/Firmware/Drivers/STM32L0xx_HAL_Driver/Src/stm32l0xx_hal_tim.c'
' '
'Building file: C:/Users/ja9g1/Documents/Git Projects/PULSE/Firmware/Drivers/STM32L0xx_HAL_Driver/Src/stm32l0xx_hal_tim_ex.c'
'Invoking: Cross GCC Compiler'
arm-none-eabi-gcc -std=c99 -DSTM32L052xx -DUSE_STDPERIPH_DRIVER -I"C:\Users\ja9g1\Documents\Git Projects\PULSE\Firmware\Drivers\CMSIS\Include" -I"C:\Users\ja9g1\Documents\Git Projects\PULSE\Firmware\ledStripController\inc" -I"C:\Users\ja9g1\Documents\Git Projects\PULSE\Firmware\Drivers\CMSIS\Device\ST\STM32L0xx\Include" -I"C:\Users\ja9g1\Documents\Git Projects\PULSE\Firmware\Drivers\STM32L0xx_HAL_Driver\Inc" -O2 -g -Wall -c -fmessage-length=0 -mthumb -mcpu=cortex-m0plus -MMD -MP -MF"HAL_Library/stm32l0xx_hal_tim_ex.d" -MT"HAL_Library/stm32l0xx_hal_tim_ex.d" -o "HAL_Library/stm32l0xx_hal_tim_ex.o" "C:/Users/ja9g1/Documents/Git Projects/PULSE/Firmware/Drivers/STM32L0xx_HAL_Driver/Src/stm32l0xx_hal_tim_ex.c"
'Finished building: C:/Users/ja9g1/Documents/Git Projects/PULSE/Firmware/Drivers/STM32L0xx_HAL_Driver/Src/stm32l0xx_hal_tim_ex.c'
' '
'Building file: C:/Users/ja9g1/Documents/Git Projects/PULSE/Firmware/Drivers/STM32L0xx_HAL_Driver/Src/stm32l0xx_hal_tsc.c'
'Invoking: Cross GCC Compiler'
arm-none-eabi-gcc -std=c99 -DSTM32L052xx -DUSE_STDPERIPH_DRIVER -I"C:\Users\ja9g1\Documents\Git Projects\PULSE\Firmware\Drivers\CMSIS\Include" -I"C:\Users\ja9g1\Documents\Git Projects\PULSE\Firmware\ledStripController\inc" -I"C:\Users\ja9g1\Documents\Git Projects\PULSE\Firmware\Drivers\CMSIS\Device\ST\STM32L0xx\Include" -I"C:\Users\ja9g1\Documents\Git Projects\PULSE\Firmware\Drivers\STM32L0xx_HAL_Driver\Inc" -O2 -g -Wall -c -fmessage-length=0 -mthumb -mcpu=cortex-m0plus -MMD -MP -MF"HAL_Library/stm32l0xx_hal_tsc.d" -MT"HAL_Library/stm32l0xx_hal_tsc.d" -o "HAL_Library/stm32l0xx_hal_tsc.o" "C:/Users/ja9g1/Documents/Git Projects/PULSE/Firmware/Drivers/STM32L0xx_HAL_Driver/Src/stm32l0xx_hal_tsc.c"
'Finished building: C:/Users/ja9g1/Documents/Git Projects/PULSE/Firmware/Drivers/STM32L0xx_HAL_Driver/Src/stm32l0xx_hal_tsc.c'
' '
'Building file: C:/Users/ja9g1/Documents/Git Projects/PULSE/Firmware/Drivers/STM32L0xx_HAL_Driver/Src/stm32l0xx_hal_uart.c'
'Invoking: Cross GCC Compiler'
arm-none-eabi-gcc -std=c99 -DSTM32L052xx -DUSE_STDPERIPH_DRIVER -I"C:\Users\ja9g1\Documents\Git Projects\PULSE\Firmware\Drivers\CMSIS\Include" -I"C:\Users\ja9g1\Documents\Git Projects\PULSE\Firmware\ledStripController\inc" -I"C:\Users\ja9g1\Documents\Git Projects\PULSE\Firmware\Drivers\CMSIS\Device\ST\STM32L0xx\Include" -I"C:\Users\ja9g1\Documents\Git Projects\PULSE\Firmware\Drivers\STM32L0xx_HAL_Driver\Inc" -O2 -g -Wall -c -fmessage-length=0 -mthumb -mcpu=cortex-m0plus -MMD -MP -MF"HAL_Library/stm32l0xx_hal_uart.d" -MT"HAL_Library/stm32l0xx_hal_uart.d" -o "HAL_Library/stm32l0xx_hal_uart.o" "C:/Users/ja9g1/Documents/Git Projects/PULSE/Firmware/Drivers/STM32L0xx_HAL_Driver/Src/stm32l0xx_hal_uart.c"
'Finished building: C:/Users/ja9g1/Documents/Git Projects/PULSE/Firmware/Drivers/STM32L0xx_HAL_Driver/Src/stm32l0xx_hal_uart.c'
' '
'Building file: C:/Users/ja9g1/Documents/Git Projects/PULSE/Firmware/Drivers/STM32L0xx_HAL_Driver/Src/stm32l0xx_hal_uart_ex.c'
'Invoking: Cross GCC Compiler'
arm-none-eabi-gcc -std=c99 -DSTM32L052xx -DUSE_STDPERIPH_DRIVER -I"C:\Users\ja9g1\Documents\Git Projects\PULSE\Firmware\Drivers\CMSIS\Include" -I"C:\Users\ja9g1\Documents\Git Projects\PULSE\Firmware\ledStripController\inc" -I"C:\Users\ja9g1\Documents\Git Projects\PULSE\Firmware\Drivers\CMSIS\Device\ST\STM32L0xx\Include" -I"C:\Users\ja9g1\Documents\Git Projects\PULSE\Firmware\Drivers\STM32L0xx_HAL_Driver\Inc" -O2 -g -Wall -c -fmessage-length=0 -mthumb -mcpu=cortex-m0plus -MMD -MP -MF"HAL_Library/stm32l0xx_hal_uart_ex.d" -MT"HAL_Library/stm32l0xx_hal_uart_ex.d" -o "HAL_Library/stm32l0xx_hal_uart_ex.o" "C:/Users/ja9g1/Documents/Git Projects/PULSE/Firmware/Drivers/STM32L0xx_HAL_Driver/Src/stm32l0xx_hal_uart_ex.c"
'Finished building: C:/Users/ja9g1/Documents/Git Projects/PULSE/Firmware/Drivers/STM32L0xx_HAL_Driver/Src/stm32l0xx_hal_uart_ex.c'
' '
'Building file: C:/Users/ja9g1/Documents/Git Projects/PULSE/Firmware/Drivers/STM32L0xx_HAL_Driver/Src/stm32l0xx_hal_usart.c'
'Invoking: Cross GCC Compiler'
arm-none-eabi-gcc -std=c99 -DSTM32L052xx -DUSE_STDPERIPH_DRIVER -I"C:\Users\ja9g1\Documents\Git Projects\PULSE\Firmware\Drivers\CMSIS\Include" -I"C:\Users\ja9g1\Documents\Git Projects\PULSE\Firmware\ledStripController\inc" -I"C:\Users\ja9g1\Documents\Git Projects\PULSE\Firmware\Drivers\CMSIS\Device\ST\STM32L0xx\Include" -I"C:\Users\ja9g1\Documents\Git Projects\PULSE\Firmware\Drivers\STM32L0xx_HAL_Driver\Inc" -O2 -g -Wall -c -fmessage-length=0 -mthumb -mcpu=cortex-m0plus -MMD -MP -MF"HAL_Library/stm32l0xx_hal_usart.d" -MT"HAL_Library/stm32l0xx_hal_usart.d" -o "HAL_Library/stm32l0xx_hal_usart.o" "C:/Users/ja9g1/Documents/Git Projects/PULSE/Firmware/Drivers/STM32L0xx_HAL_Driver/Src/stm32l0xx_hal_usart.c"
'Finished building: C:/Users/ja9g1/Documents/Git Projects/PULSE/Firmware/Drivers/STM32L0xx_HAL_Driver/Src/stm32l0xx_hal_usart.c'
' '
'Building file: C:/Users/ja9g1/Documents/Git Projects/PULSE/Firmware/Drivers/STM32L0xx_HAL_Driver/Src/stm32l0xx_hal_wwdg.c'
'Invoking: Cross GCC Compiler'
arm-none-eabi-gcc -std=c99 -DSTM32L052xx -DUSE_STDPERIPH_DRIVER -I"C:\Users\ja9g1\Documents\Git Projects\PULSE\Firmware\Drivers\CMSIS\Include" -I"C:\Users\ja9g1\Documents\Git Projects\PULSE\Firmware\ledStripController\inc" -I"C:\Users\ja9g1\Documents\Git Projects\PULSE\Firmware\Drivers\CMSIS\Device\ST\STM32L0xx\Include" -I"C:\Users\ja9g1\Documents\Git Projects\PULSE\Firmware\Drivers\STM32L0xx_HAL_Driver\Inc" -O2 -g -Wall -c -fmessage-length=0 -mthumb -mcpu=cortex-m0plus -MMD -MP -MF"HAL_Library/stm32l0xx_hal_wwdg.d" -MT"HAL_Library/stm32l0xx_hal_wwdg.d" -o "HAL_Library/stm32l0xx_hal_wwdg.o" "C:/Users/ja9g1/Documents/Git Projects/PULSE/Firmware/Drivers/STM32L0xx_HAL_Driver/Src/stm32l0xx_hal_wwdg.c"
'Finished building: C:/Users/ja9g1/Documents/Git Projects/PULSE/Firmware/Drivers/STM32L0xx_HAL_Driver/Src/stm32l0xx_hal_wwdg.c'
' '
'Building target: ledStripController.elf'
'Invoking: Cross GCC Linker'
arm-none-eabi-gcc -mthumb -mcpu=cortex-m0plus -lc  -specs=nosys.specs -Wl,-Map=a.map -Wl,--cref -T ../linker.ld -o "ledStripController.elf"  ./src/debug.o ./src/led_driver.o ./src/main.o ./src/stm32l0xx_it.o ./src/system_stm32l0xx.o  ./HAL_Library/stm32l0xx_hal.o ./HAL_Library/stm32l0xx_hal_adc.o ./HAL_Library/stm32l0xx_hal_adc_ex.o ./HAL_Library/stm32l0xx_hal_comp.o ./HAL_Library/stm32l0xx_hal_comp_ex.o ./HAL_Library/stm32l0xx_hal_cortex.o ./HAL_Library/stm32l0xx_hal_crc.o ./HAL_Library/stm32l0xx_hal_crc_ex.o ./HAL_Library/stm32l0xx_hal_cryp.o ./HAL_Library/stm32l0xx_hal_cryp_ex.o ./HAL_Library/stm32l0xx_hal_dac.o ./HAL_Library/stm32l0xx_hal_dac_ex.o ./HAL_Library/stm32l0xx_hal_dma.o ./HAL_Library/stm32l0xx_hal_firewall.o ./HAL_Library/stm32l0xx_hal_flash.o ./HAL_Library/stm32l0xx_hal_flash_ex.o ./HAL_Library/stm32l0xx_hal_flash_ramfunc.o ./HAL_Library/stm32l0xx_hal_gpio.o ./HAL_Library/stm32l0xx_hal_i2c.o ./HAL_Library/stm32l0xx_hal_i2c_ex.o ./HAL_Library/stm32l0xx_hal_i2s.o ./HAL_Library/stm32l0xx_hal_irda.o ./HAL_Library/stm32l0xx_hal_iwdg.o ./HAL_Library/stm32l0xx_hal_lcd.o ./HAL_Library/stm32l0xx_hal_lptim.o ./HAL_Library/stm32l0xx_hal_pcd.o ./HAL_Library/stm32l0xx_hal_pcd_ex.o ./HAL_Library/stm32l0xx_hal_pwr.o ./HAL_Library/stm32l0xx_hal_pwr_ex.o ./HAL_Library/stm32l0xx_hal_rcc.o ./HAL_Library/stm32l0xx_hal_rcc_ex.o ./HAL_Library/stm32l0xx_hal_rng.o ./HAL_Library/stm32l0xx_hal_rtc.o ./HAL_Library/stm32l0xx_hal_rtc_ex.o ./HAL_Library/stm32l0xx_hal_smartcard.o ./HAL_Library/stm32l0xx_hal_smartcard_ex.o ./HAL_Library/stm32l0xx_hal_smbus.o ./HAL_Library/stm32l0xx_hal_spi.o ./HAL_Library/stm32l0xx_hal_tim.o ./HAL_Library/stm32l0xx_hal_tim_ex.o ./HAL_Library/stm32l0xx_hal_tsc.o ./HAL_Library/stm32l0xx_hal_uart.o ./HAL_Library/stm32l0xx_hal_uart_ex.o ./HAL_Library/stm32l0xx_hal_usart.o ./HAL_Library/stm32l0xx_hal_wwdg.o  ./startup_stm32l052xx.o   
'Finished building target: ledStripController.elf'
' '
C:/Program Files (x86)/GNU ARM Eclipse/Build Tools/2.6-201507152002/bin/make --no-print-directory post-build
arm-none-eabi-objcopy -O srec ledStripController.elf ledStripController.s19
' '
11:59:36 **** Incremental Build of configuration Debug for project ledStripController ****
"C:\\Program" Files "(x86)\\GNU" ARM "Eclipse\\Build" "Tools\\2.6-201507152002\\bin\\make.exe" all 
'Building target: ledStripController.elf'
'Invoking: Cross GCC Linker'
arm-none-eabi-gcc -mthumb -mcpu=cortex-m0plus -lc  -specs=nosys.specs -Wl,-Map=a.map -Wl,--cref -T ../linker.ld -o "ledStripController.elf"  ./src/debug.o ./src/led_driver.o ./src/main.o ./src/stm32l0xx_it.o ./src/system_stm32l0xx.o  ./HAL_Library/stm32l0xx_hal.o ./HAL_Library/stm32l0xx_hal_adc.o ./HAL_Library/stm32l0xx_hal_adc_ex.o ./HAL_Library/stm32l0xx_hal_comp.o ./HAL_Library/stm32l0xx_hal_comp_ex.o ./HAL_Library/stm32l0xx_hal_cortex.o ./HAL_Library/stm32l0xx_hal_crc.o ./HAL_Library/stm32l0xx_hal_crc_ex.o ./HAL_Library/stm32l0xx_hal_cryp.o ./HAL_Library/stm32l0xx_hal_cryp_ex.o ./HAL_Library/stm32l0xx_hal_dac.o ./HAL_Library/stm32l0xx_hal_dac_ex.o ./HAL_Library/stm32l0xx_hal_dma.o ./HAL_Library/stm32l0xx_hal_firewall.o ./HAL_Library/stm32l0xx_hal_flash.o ./HAL_Library/stm32l0xx_hal_flash_ex.o ./HAL_Library/stm32l0xx_hal_flash_ramfunc.o ./HAL_Library/stm32l0xx_hal_gpio.o ./HAL_Library/stm32l0xx_hal_i2c.o ./HAL_Library/stm32l0xx_hal_i2c_ex.o ./HAL_Library/stm32l0xx_hal_i2s.o ./HAL_Library/stm32l0xx_hal_irda.o ./HAL_Library/stm32l0xx_hal_iwdg.o ./HAL_Library/stm32l0xx_hal_lcd.o ./HAL_Library/stm32l0xx_hal_lptim.o ./HAL_Library/stm32l0xx_hal_pcd.o ./HAL_Library/stm32l0xx_hal_pcd_ex.o ./HAL_Library/stm32l0xx_hal_pwr.o ./HAL_Library/stm32l0xx_hal_pwr_ex.o ./HAL_Library/stm32l0xx_hal_rcc.o ./HAL_Library/stm32l0xx_hal_rcc_ex.o ./HAL_Library/stm32l0xx_hal_rng.o ./HAL_Library/stm32l0xx_hal_rtc.o ./HAL_Library/stm32l0xx_hal_rtc_ex.o ./HAL_Library/stm32l0xx_hal_smartcard.o ./HAL_Library/stm32l0xx_hal_smartcard_ex.o ./HAL_Library/stm32l0xx_hal_smbus.o ./HAL_Library/stm32l0xx_hal_spi.o ./HAL_Library/stm32l0xx_hal_tim.o ./HAL_Library/stm32l0xx_hal_tim_ex.o ./HAL_Library/stm32l0xx_hal_tsc.o ./HAL_Library/stm32l0xx_hal_uart.o ./HAL_Library/stm32l0xx_hal_uart_ex.o ./HAL_Library/stm32l0xx_hal_usart.o ./HAL_Library/stm32l0xx_hal_wwdg.o  ./startup_stm32l052xx.o   
'Finished building target: ledStripController.elf'
' '
C:/Program Files (x86)/GNU ARM Eclipse/Build Tools/2.6-201507152002/bin/make --no-print-directory post-build
arm-none-eabi-objcopy -O srec ledStripController.elf ledStripController.s19
' '
